0 info it worked if it ends with ok
1 verbose cli [ 'C:\\Sanket\\Portable\\nodejs\\\\node.exe',
1 verbose cli   'C:\\Sanket\\Portable\\nodejs\\node_modules\\npm\\bin\\npm-cli.js',
1 verbose cli   'install',
1 verbose cli   '--save',
1 verbose cli   'node-restful' ]
2 info using npm@2.5.1
3 info using node@v0.12.0
4 verbose node symlink C:\Sanket\Portable\nodejs\\node.exe
5 silly cache add args [ 'node-restful', null ]
6 verbose cache add spec node-restful
7 silly cache add parsed spec { raw: 'node-restful',
7 silly cache add   scope: null,
7 silly cache add   name: 'node-restful',
7 silly cache add   rawSpec: '',
7 silly cache add   spec: '*',
7 silly cache add   type: 'range' }
8 verbose addNamed node-restful@*
9 silly addNamed semver.valid null
10 silly addNamed semver.validRange *
11 silly addNameRange { name: 'node-restful', range: '*', hasData: false }
12 silly mapToRegistry name node-restful
13 silly mapToRegistry using default registry
14 silly mapToRegistry registry https://registry.npmjs.org/
15 silly mapToRegistry uri https://registry.npmjs.org/node-restful
16 verbose addNameRange registry:https://registry.npmjs.org/node-restful not in flight; fetching
17 verbose request uri https://registry.npmjs.org/node-restful
18 verbose request no auth needed
19 info attempt registry request try #1 at 11:07:14 AM
20 verbose request id a192919f644922c8
21 verbose etag "9YUT7L1WRA6QZMIUJEVWHQYD"
22 http request GET https://registry.npmjs.org/node-restful
23 http 304 https://registry.npmjs.org/node-restful
24 silly get cb [ 304,
24 silly get   { date: 'Sat, 02 May 2015 05:37:15 GMT',
24 silly get     via: '1.1 varnish',
24 silly get     'last-modified': 'Sat, 02 May 2015 05:37:15 GMT',
24 silly get     'cache-control': 'max-age=60',
24 silly get     etag: '"9YUT7L1WRA6QZMIUJEVWHQYD"',
24 silly get     age: '0',
24 silly get     connection: 'keep-alive',
24 silly get     'x-served-by': 'cache-fra1230-FRA',
24 silly get     'x-cache': 'MISS',
24 silly get     'x-cache-hits': '0',
24 silly get     'x-timer': 'S1430545035.250492,VS0,VE723',
24 silly get     vary: 'Accept' } ]
25 verbose etag https://registry.npmjs.org/node-restful from cache
26 verbose get saving node-restful to C:\Users\g547632\AppData\Roaming\npm-cache\registry.npmjs.org\node-restful\.cache.json
27 silly addNameRange number 2 { name: 'node-restful', range: '*', hasData: true }
28 silly addNameRange versions [ 'node-restful',
28 silly addNameRange   [ '0.1.0',
28 silly addNameRange     '0.1.2',
28 silly addNameRange     '0.1.3',
28 silly addNameRange     '0.1.4',
28 silly addNameRange     '0.1.5',
28 silly addNameRange     '0.1.7',
28 silly addNameRange     '0.1.8',
28 silly addNameRange     '0.1.9',
28 silly addNameRange     '0.1.10',
28 silly addNameRange     '0.1.11',
28 silly addNameRange     '0.1.12',
28 silly addNameRange     '0.1.13',
28 silly addNameRange     '0.1.14',
28 silly addNameRange     '0.1.15',
28 silly addNameRange     '0.1.16',
28 silly addNameRange     '0.1.17',
28 silly addNameRange     '0.1.18' ] ]
29 verbose addNamed node-restful@0.1.18
30 silly addNamed semver.valid 0.1.18
31 silly addNamed semver.validRange 0.1.18
32 silly cache afterAdd node-restful@0.1.18
33 verbose afterAdd C:\Users\g547632\AppData\Roaming\npm-cache\node-restful\0.1.18\package\package.json not in flight; writing
34 verbose afterAdd C:\Users\g547632\AppData\Roaming\npm-cache\node-restful\0.1.18\package\package.json written
35 silly install resolved [ { name: 'node-restful',
35 silly install resolved     description: 'A library for making REST API\'s in node.js with express',
35 silly install resolved     version: '0.1.18',
35 silly install resolved     peerDependencies: { mongoose: '~3' },
35 silly install resolved     devDependencies:
35 silly install resolved      { express: '3.1.0',
35 silly install resolved        mongodb: '1.2.14',
35 silly install resolved        jade: '0.28.1',
35 silly install resolved        mocha: '1.8.1',
35 silly install resolved        mongoose: '~3',
35 silly install resolved        should: '1.2.1',
35 silly install resolved        supertest: '0.5.1',
35 silly install resolved        sinon: '1.5.2',
35 silly install resolved        'pow-mongoose-fixtures': '0.3.0' },
35 silly install resolved     keywords: [ 'node-restful', 'restful', 'framework', 'rest', 'api' ],
35 silly install resolved     scripts: { test: 'make test' },
35 silly install resolved     repository: { type: 'git', url: 'git://github.com/baugarten/node-restful' },
35 silly install resolved     main: 'index.js',
35 silly install resolved     dependencies: { underscore: '1.6.0' },
35 silly install resolved     gitHead: 'a3d46a0a2fe1076b9ce62ffb402f1986d0da1196',
35 silly install resolved     bugs: { url: 'https://github.com/baugarten/node-restful/issues' },
35 silly install resolved     homepage: 'https://github.com/baugarten/node-restful',
35 silly install resolved     _id: 'node-restful@0.1.18',
35 silly install resolved     _shasum: 'cbf61a2595646ddc000622f6caa9ddff50452540',
35 silly install resolved     _from: 'node-restful@*',
35 silly install resolved     _npmVersion: '2.1.18',
35 silly install resolved     _nodeVersion: '0.10.28',
35 silly install resolved     _npmUser: { name: 'baugarten', email: 'baugarten@gmail.com' },
35 silly install resolved     maintainers: [ [Object] ],
35 silly install resolved     dist:
35 silly install resolved      { shasum: 'cbf61a2595646ddc000622f6caa9ddff50452540',
35 silly install resolved        tarball: 'http://registry.npmjs.org/node-restful/-/node-restful-0.1.18.tgz' },
35 silly install resolved     directories: {},
35 silly install resolved     _resolved: 'https://registry.npmjs.org/node-restful/-/node-restful-0.1.18.tgz',
35 silly install resolved     readme: 'ERROR: No README data found!' } ]
36 info install node-restful@0.1.18 into C:\Sanket\Projects\GitHub\MEN-Rest
37 info installOne node-restful@0.1.18
38 verbose installOne of node-restful to C:\Sanket\Projects\GitHub\MEN-Rest not in flight; installing
39 verbose lock using C:\Users\g547632\AppData\Roaming\npm-cache\_locks\node-restful-9e0caa2dbdcc0d28.lock for C:\Sanket\Projects\GitHub\MEN-Rest\node_modules\node-restful
40 silly install write writing node-restful 0.1.18 to C:\Sanket\Projects\GitHub\MEN-Rest\node_modules\node-restful
41 silly cache addNamed cb node-restful@0.1.18
42 verbose unbuild node_modules\node-restful
43 verbose gentlyRm vacuuming C:\Sanket\Projects\GitHub\MEN-Rest\node_modules\node-restful
44 verbose tar unpack C:\Users\g547632\AppData\Roaming\npm-cache\node-restful\0.1.18\package.tgz
45 verbose tar unpacking to C:\Sanket\Projects\GitHub\MEN-Rest\node_modules\node-restful
46 verbose gentlyRm vacuuming C:\Sanket\Projects\GitHub\MEN-Rest\node_modules\node-restful
47 silly gunzTarPerm modes [ '777', '666' ]
48 silly gunzTarPerm extractEntry package.json
49 silly gunzTarPerm modified mode [ 'package.json', 420, 438 ]
50 silly gunzTarPerm extractEntry .npmignore
51 silly gunzTarPerm modified mode [ '.npmignore', 420, 438 ]
52 silly gunzTarPerm extractEntry README.md
53 silly gunzTarPerm modified mode [ 'README.md', 420, 438 ]
54 silly gunzTarPerm extractEntry index.js
55 silly gunzTarPerm modified mode [ 'index.js', 420, 438 ]
56 silly gunzTarPerm extractEntry examples/notes.js
57 silly gunzTarPerm modified mode [ 'examples/notes.js', 420, 438 ]
58 silly gunzTarPerm extractEntry examples/movies/index.js
59 silly gunzTarPerm modified mode [ 'examples/movies/index.js', 420, 438 ]
60 silly gunzTarPerm extractEntry examples/notes/index.js
61 silly gunzTarPerm modified mode [ 'examples/notes/index.js', 420, 438 ]
62 silly gunzTarPerm extractEntry examples/notes/models/index.js
63 silly gunzTarPerm modified mode [ 'examples/notes/models/index.js', 420, 438 ]
64 silly gunzTarPerm extractEntry examples/notes/models/note.js
65 silly gunzTarPerm modified mode [ 'examples/notes/models/note.js', 420, 438 ]
66 silly gunzTarPerm extractEntry examples/notes/models/user.js
67 silly gunzTarPerm modified mode [ 'examples/notes/models/user.js', 420, 438 ]
68 silly gunzTarPerm extractEntry examples/notes/routes/user.js
69 silly gunzTarPerm modified mode [ 'examples/notes/routes/user.js', 420, 438 ]
70 silly gunzTarPerm extractEntry .idea/.name
71 silly gunzTarPerm modified mode [ '.idea/.name', 420, 438 ]
72 silly gunzTarPerm extractEntry .idea/compiler.xml
73 silly gunzTarPerm modified mode [ '.idea/compiler.xml', 420, 438 ]
74 silly gunzTarPerm extractEntry .idea/encodings.xml
75 silly gunzTarPerm modified mode [ '.idea/encodings.xml', 420, 438 ]
76 silly gunzTarPerm extractEntry .idea/misc.xml
77 silly gunzTarPerm modified mode [ '.idea/misc.xml', 420, 438 ]
78 silly gunzTarPerm extractEntry .idea/modules.xml
79 silly gunzTarPerm modified mode [ '.idea/modules.xml', 420, 438 ]
80 silly gunzTarPerm extractEntry .idea/node-restful.iml
81 silly gunzTarPerm modified mode [ '.idea/node-restful.iml', 420, 438 ]
82 silly gunzTarPerm extractEntry .idea/scopes/scope_settings.xml
83 silly gunzTarPerm modified mode [ '.idea/scopes/scope_settings.xml', 420, 438 ]
84 silly gunzTarPerm extractEntry .idea/thriftCompiler.xml
85 silly gunzTarPerm modified mode [ '.idea/thriftCompiler.xml', 420, 438 ]
86 silly gunzTarPerm extractEntry .idea/vcs.xml
87 silly gunzTarPerm modified mode [ '.idea/vcs.xml', 420, 438 ]
88 silly gunzTarPerm extractEntry .idea/workspace.xml
89 silly gunzTarPerm modified mode [ '.idea/workspace.xml', 420, 438 ]
90 silly gunzTarPerm extractEntry .travis.yml
91 silly gunzTarPerm modified mode [ '.travis.yml', 420, 438 ]
92 silly gunzTarPerm extractEntry lib/app.js
93 silly gunzTarPerm modified mode [ 'lib/app.js', 420, 438 ]
94 silly gunzTarPerm extractEntry lib/filters.js
95 silly gunzTarPerm modified mode [ 'lib/filters.js', 420, 438 ]
96 silly gunzTarPerm extractEntry lib/handlers.js
97 silly gunzTarPerm modified mode [ 'lib/handlers.js', 420, 438 ]
98 silly gunzTarPerm extractEntry lib/model.js
99 silly gunzTarPerm modified mode [ 'lib/model.js', 420, 438 ]
100 silly gunzTarPerm extractEntry lib/resource.js
101 silly gunzTarPerm modified mode [ 'lib/resource.js', 420, 438 ]
102 silly gunzTarPerm extractEntry lib/restful.js
103 silly gunzTarPerm modified mode [ 'lib/restful.js', 420, 438 ]
104 silly gunzTarPerm extractEntry lib/route.js
105 silly gunzTarPerm modified mode [ 'lib/route.js', 420, 438 ]
106 silly gunzTarPerm extractEntry lib/utils.js
107 silly gunzTarPerm modified mode [ 'lib/utils.js', 420, 438 ]
108 silly gunzTarPerm extractEntry Makefile
109 silly gunzTarPerm modified mode [ 'Makefile', 420, 438 ]
110 silly gunzTarPerm extractEntry test/model.chainable.js
111 silly gunzTarPerm modified mode [ 'test/model.chainable.js', 420, 438 ]
112 silly gunzTarPerm extractEntry test/model.excludes.js
113 silly gunzTarPerm modified mode [ 'test/model.excludes.js', 420, 438 ]
114 silly gunzTarPerm extractEntry test/model.filters.js
115 silly gunzTarPerm modified mode [ 'test/model.filters.js', 420, 438 ]
116 silly gunzTarPerm extractEntry test/model.handle.js
117 silly gunzTarPerm modified mode [ 'test/model.handle.js', 420, 438 ]
118 silly gunzTarPerm extractEntry test/model.hooks.js
119 silly gunzTarPerm modified mode [ 'test/model.hooks.js', 420, 438 ]
120 silly gunzTarPerm extractEntry test/model.js
121 silly gunzTarPerm modified mode [ 'test/model.js', 420, 438 ]
122 silly gunzTarPerm extractEntry test/model.template.js
123 silly gunzTarPerm modified mode [ 'test/model.template.js', 420, 438 ]
124 silly gunzTarPerm extractEntry test/fixtures/config.js
125 silly gunzTarPerm modified mode [ 'test/fixtures/config.js', 420, 438 ]
126 silly gunzTarPerm extractEntry test/fixtures/data.js
127 silly gunzTarPerm modified mode [ 'test/fixtures/data.js', 420, 438 ]
128 silly gunzTarPerm extractEntry test/fixtures/movies/index.jade
129 silly gunzTarPerm modified mode [ 'test/fixtures/movies/index.jade', 420, 438 ]
130 silly gunzTarPerm extractEntry test/fixtures/movies/show.jade
131 silly gunzTarPerm modified mode [ 'test/fixtures/movies/show.jade', 420, 438 ]
132 info preinstall node-restful@0.1.18
133 silly prepareForInstallMany adding underscore@1.6.0 from node-restful dependencies
134 silly prepareForInstallMany adding mongoose@~3 from node-restful peerDependencies
135 silly cache add args [ 'underscore@1.6.0', null ]
136 verbose cache add spec underscore@1.6.0
137 silly cache add parsed spec { raw: 'underscore@1.6.0',
137 silly cache add   scope: null,
137 silly cache add   name: 'underscore',
137 silly cache add   rawSpec: '1.6.0',
137 silly cache add   spec: '1.6.0',
137 silly cache add   type: 'version' }
138 verbose addNamed underscore@1.6.0
139 silly addNamed semver.valid 1.6.0
140 silly addNamed semver.validRange 1.6.0
141 silly mapToRegistry name underscore
142 silly mapToRegistry using default registry
143 silly mapToRegistry registry https://registry.npmjs.org/
144 silly mapToRegistry uri https://registry.npmjs.org/underscore
145 verbose addNameVersion registry:https://registry.npmjs.org/underscore not in flight; fetching
146 verbose request uri https://registry.npmjs.org/underscore
147 verbose request no auth needed
148 info attempt registry request try #1 at 11:07:16 AM
149 verbose etag "7LL9RPDDCKX0Z6WP5QIK64YY3"
150 http request GET https://registry.npmjs.org/underscore
151 http 304 https://registry.npmjs.org/underscore
152 silly get cb [ 304,
152 silly get   { date: 'Sat, 02 May 2015 05:37:16 GMT',
152 silly get     via: '1.1 varnish',
152 silly get     'last-modified': 'Sat, 02 May 2015 05:37:07 GMT',
152 silly get     'cache-control': 'max-age=60',
152 silly get     etag: '"7LL9RPDDCKX0Z6WP5QIK64YY3"',
152 silly get     age: '51',
152 silly get     connection: 'keep-alive',
152 silly get     'x-served-by': 'cache-fra1235-FRA',
152 silly get     'x-cache': 'HIT',
152 silly get     'x-cache-hits': '2',
152 silly get     'x-timer': 'S1430545036.886187,VS0,VE0',
152 silly get     vary: 'Accept' } ]
153 verbose etag https://registry.npmjs.org/underscore from cache
154 verbose get saving underscore to C:\Users\g547632\AppData\Roaming\npm-cache\registry.npmjs.org\underscore\.cache.json
155 silly cache afterAdd underscore@1.6.0
156 verbose afterAdd C:\Users\g547632\AppData\Roaming\npm-cache\underscore\1.6.0\package\package.json not in flight; writing
157 verbose afterAdd C:\Users\g547632\AppData\Roaming\npm-cache\underscore\1.6.0\package\package.json written
158 silly install resolved [ { name: 'underscore',
158 silly install resolved     description: 'JavaScript\'s functional programming helper library.',
158 silly install resolved     homepage: 'http://underscorejs.org',
158 silly install resolved     keywords: [ 'util', 'functional', 'server', 'client', 'browser' ],
158 silly install resolved     author: { name: 'Jeremy Ashkenas', email: 'jeremy@documentcloud.org' },
158 silly install resolved     repository:
158 silly install resolved      { type: 'git',
158 silly install resolved        url: 'git://github.com/jashkenas/underscore.git' },
158 silly install resolved     main: 'underscore.js',
158 silly install resolved     version: '1.6.0',
158 silly install resolved     devDependencies: { docco: '0.6.x', phantomjs: '1.9.0-1', 'uglify-js': '2.4.x' },
158 silly install resolved     scripts:
158 silly install resolved      { test: 'phantomjs test/vendor/runner.js test/index.html?noglobals=true',
158 silly install resolved        build: 'uglifyjs underscore.js -c "evaluate=false" --comments "/    .*/" -m --source-map underscore-min.map -o underscore-min.js',
158 silly install resolved        doc: 'docco underscore.js' },
158 silly install resolved     licenses: [ [Object] ],
158 silly install resolved     files: [ 'underscore.js', 'underscore-min.js', 'LICENSE' ],
158 silly install resolved     bugs: { url: 'https://github.com/jashkenas/underscore/issues' },
158 silly install resolved     _id: 'underscore@1.6.0',
158 silly install resolved     dist:
158 silly install resolved      { shasum: '8b38b10cacdef63337b8b24e4ff86d45aea529a8',
158 silly install resolved        tarball: 'http://registry.npmjs.org/underscore/-/underscore-1.6.0.tgz' },
158 silly install resolved     _from: 'underscore@1.6.0',
158 silly install resolved     _npmVersion: '1.3.21',
158 silly install resolved     _npmUser: { name: 'jashkenas', email: 'jashkenas@gmail.com' },
158 silly install resolved     maintainers: [ [Object] ],
158 silly install resolved     directories: {},
158 silly install resolved     _shasum: '8b38b10cacdef63337b8b24e4ff86d45aea529a8',
158 silly install resolved     _resolved: 'https://registry.npmjs.org/underscore/-/underscore-1.6.0.tgz',
158 silly install resolved     readme: 'ERROR: No README data found!' } ]
159 info install underscore@1.6.0 into C:\Sanket\Projects\GitHub\MEN-Rest\node_modules\node-restful
160 info installOne underscore@1.6.0
161 verbose installOne of underscore to C:\Sanket\Projects\GitHub\MEN-Rest\node_modules\node-restful not in flight; installing
162 verbose lock using C:\Users\g547632\AppData\Roaming\npm-cache\_locks\underscore-9b20b1863958927e.lock for C:\Sanket\Projects\GitHub\MEN-Rest\node_modules\node-restful\node_modules\underscore
163 silly install write writing underscore 1.6.0 to C:\Sanket\Projects\GitHub\MEN-Rest\node_modules\node-restful\node_modules\underscore
164 silly cache addNamed cb underscore@1.6.0
165 verbose unbuild node_modules\node-restful\node_modules\underscore
166 verbose gentlyRm vacuuming C:\Sanket\Projects\GitHub\MEN-Rest\node_modules\node-restful\node_modules\underscore
167 verbose tar unpack C:\Users\g547632\AppData\Roaming\npm-cache\underscore\1.6.0\package.tgz
168 verbose tar unpacking to C:\Sanket\Projects\GitHub\MEN-Rest\node_modules\node-restful\node_modules\underscore
169 verbose gentlyRm vacuuming C:\Sanket\Projects\GitHub\MEN-Rest\node_modules\node-restful\node_modules\underscore
170 silly gunzTarPerm modes [ '777', '666' ]
171 silly gunzTarPerm extractEntry package.json
172 silly gunzTarPerm modified mode [ 'package.json', 420, 438 ]
173 silly gunzTarPerm extractEntry README.md
174 silly gunzTarPerm modified mode [ 'README.md', 420, 438 ]
175 silly gunzTarPerm extractEntry LICENSE
176 silly gunzTarPerm modified mode [ 'LICENSE', 420, 438 ]
177 silly gunzTarPerm extractEntry underscore-min.js
178 silly gunzTarPerm modified mode [ 'underscore-min.js', 420, 438 ]
179 silly gunzTarPerm extractEntry underscore.js
180 silly gunzTarPerm modified mode [ 'underscore.js', 420, 438 ]
181 info preinstall underscore@1.6.0
182 silly install resolved []
183 verbose about to build C:\Sanket\Projects\GitHub\MEN-Rest\node_modules\node-restful\node_modules\underscore
184 info build C:\Sanket\Projects\GitHub\MEN-Rest\node_modules\node-restful\node_modules\underscore
185 verbose linkStuff [ false,
185 verbose linkStuff   false,
185 verbose linkStuff   false,
185 verbose linkStuff   'C:\\Sanket\\Projects\\GitHub\\MEN-Rest\\node_modules\\node-restful\\node_modules' ]
186 info linkStuff underscore@1.6.0
187 verbose linkBins underscore@1.6.0
188 verbose linkMans underscore@1.6.0
189 verbose rebuildBundles underscore@1.6.0
190 info install underscore@1.6.0
191 info postinstall underscore@1.6.0
192 verbose unlock done using C:\Users\g547632\AppData\Roaming\npm-cache\_locks\underscore-9b20b1863958927e.lock for C:\Sanket\Projects\GitHub\MEN-Rest\node_modules\node-restful\node_modules\underscore
193 verbose about to build C:\Sanket\Projects\GitHub\MEN-Rest\node_modules\node-restful
194 info build C:\Sanket\Projects\GitHub\MEN-Rest\node_modules\node-restful
195 verbose linkStuff [ false,
195 verbose linkStuff   false,
195 verbose linkStuff   false,
195 verbose linkStuff   'C:\\Sanket\\Projects\\GitHub\\MEN-Rest\\node_modules' ]
196 info linkStuff node-restful@0.1.18
197 verbose linkBins node-restful@0.1.18
198 verbose linkMans node-restful@0.1.18
199 verbose rebuildBundles node-restful@0.1.18
200 verbose rebuildBundles [ 'underscore' ]
201 info install node-restful@0.1.18
202 info postinstall node-restful@0.1.18
203 verbose already installed skipping mongoose@~3 C:\Sanket\Projects\GitHub\MEN-Rest
204 silly install resolved []
205 verbose unlock done using C:\Users\g547632\AppData\Roaming\npm-cache\_locks\node-restful-9e0caa2dbdcc0d28.lock for C:\Sanket\Projects\GitHub\MEN-Rest\node_modules\node-restful
206 verbose stack Error: The package mongoose does not satisfy its siblings' peerDependencies requirements!
206 verbose stack     at C:\Sanket\Portable\nodejs\node_modules\npm\lib\install.js:103:32
206 verbose stack     at C:\Sanket\Portable\nodejs\node_modules\npm\lib\install.js:225:5
206 verbose stack     at C:\Sanket\Portable\nodejs\node_modules\npm\node_modules\read-installed\read-installed.js:138:5
206 verbose stack     at C:\Sanket\Portable\nodejs\node_modules\npm\node_modules\read-installed\read-installed.js:251:14
206 verbose stack     at cb (C:\Sanket\Portable\nodejs\node_modules\npm\node_modules\slide\lib\async-map.js:47:24)
206 verbose stack     at C:\Sanket\Portable\nodejs\node_modules\npm\node_modules\read-installed\read-installed.js:251:14
206 verbose stack     at cb (C:\Sanket\Portable\nodejs\node_modules\npm\node_modules\slide\lib\async-map.js:47:24)
206 verbose stack     at C:\Sanket\Portable\nodejs\node_modules\npm\node_modules\read-installed\read-installed.js:251:14
206 verbose stack     at cb (C:\Sanket\Portable\nodejs\node_modules\npm\node_modules\slide\lib\async-map.js:47:24)
206 verbose stack     at C:\Sanket\Portable\nodejs\node_modules\npm\node_modules\read-installed\read-installed.js:251:14
207 verbose cwd C:\Sanket\Projects\GitHub\MEN-Rest
208 error Windows_NT 6.1.7601
209 error argv "C:\\Sanket\\Portable\\nodejs\\\\node.exe" "C:\\Sanket\\Portable\\nodejs\\node_modules\\npm\\bin\\npm-cli.js" "install" "--save" "node-restful"
210 error node v0.12.0
211 error npm  v2.5.1
212 error code EPEERINVALID
213 error peerinvalid The package mongoose does not satisfy its siblings' peerDependencies requirements!
213 error peerinvalid Peer node-restful@0.1.18 wants mongoose@~3
214 verbose exit [ 1, true ]
